<?xml version="1.0" encoding="UTF-8"?>
<!-- Generated by org.testng.reporters.JUnitReportReporter -->
<testsuite hostname="Lenovo" failures="0" tests="1" name="com.zestmoney.tests.PriceComparision" time="92.367" errors="0" timestamp="2021-02-24T18:02:00 IST" skipped="0">
  <testcase classname="com.zestmoney.tests.PriceComparision" name="doPriceComparision" time="92.367"/>
  <system-out/>
</testsuite> <!-- com.zestmoney.tests.PriceComparision -->
